[0.195s] Invoking command in '/home/colin/LunaboticsBurm/ros2_ws_dev/build/custom_interfaces': /usr/bin/cmake --build /home/colin/LunaboticsBurm/ros2_ws_dev/build/custom_interfaces -- -j4 -l4
[0.397s] -- Found ament_cmake: 2.0.3 (/opt/ros/iron/share/ament_cmake/cmake)
[1.138s] Traceback (most recent call last):
[1.140s]   File "/opt/ros/iron/share/ament_cmake_core/cmake/package_templates/templates_2_cmake.py", line 21, in <module>
[1.142s]     from ament_package.templates import get_environment_hook_template_path
[1.144s] ModuleNotFoundError: No module named 'ament_package'
[1.208s] [31mCMake Error at /opt/ros/iron/share/ament_cmake_core/cmake/ament_cmake_package_templates-extras.cmake:41 (message):
[1.209s]   execute_process(/usr/bin/python3.10
[1.209s]   /opt/ros/iron/share/ament_cmake_core/cmake/package_templates/templates_2_cmake.py
[1.209s]   /home/colin/LunaboticsBurm/ros2_ws_dev/build/custom_interfaces/ament_cmake_package_templates/templates.cmake)
[1.210s]   returned error code 1
[1.210s] Call Stack (most recent call first):
[1.211s]   /opt/ros/iron/share/ament_cmake_core/cmake/ament_cmake_coreConfig.cmake:41 (include)
[1.213s]   /opt/ros/iron/share/ament_cmake/cmake/ament_cmake_export_dependencies-extras.cmake:15 (find_package)
[1.217s]   /opt/ros/iron/share/ament_cmake/cmake/ament_cmakeConfig.cmake:41 (include)
[1.218s]   CMakeLists.txt:9 (find_package)
[1.219s] 
[1.220s] [0m
[1.220s] -- Configuring incomplete, errors occurred!
[1.222s] See also "/home/colin/LunaboticsBurm/ros2_ws_dev/build/custom_interfaces/CMakeFiles/CMakeOutput.log".
[1.224s] gmake: *** [Makefile:815: cmake_check_build_system] Error 1
[1.268s] Invoked command in '/home/colin/LunaboticsBurm/ros2_ws_dev/build/custom_interfaces' returned '2': /usr/bin/cmake --build /home/colin/LunaboticsBurm/ros2_ws_dev/build/custom_interfaces -- -j4 -l4
